<?xml version="1.0" encoding="UTF-8"?>
<!-- Generated by org.testng.reporters.JUnitXMLReporter -->
<testsuite ignored="0" hostname="MRIPF3GRQ4B" failures="1" tests="1" name="CompareColumnHeaderName" time="0.011" errors="0" timestamp="2024-07-31T17:59:53 EDT">
  <testcase classname="Tests.CompareColumnHeaderName" name="CompareColumnsHeaderNameTest" time="0.003">
    <failure type="java.lang.AssertionError" message="Found 1 ColumnHeader(s) name(s) not matching expected [true] but found [false]">
      <![CDATA[java.lang.AssertionError: Found 1 ColumnHeader(s) name(s) not matching expected [true] but found [false]
at Tests.CompareColumnHeaderName.CompareColumnsHeaderNameTest(CompareColumnHeaderName.java:76)
at java.base/java.util.ArrayList.forEach(ArrayList.java:1511)
... Removed 30 stack frames]]>
    </failure>
  </testcase> <!-- CompareColumnsHeaderNameTest -->
</testsuite> <!-- CompareColumnHeaderName -->
