<?xml version="1.0" encoding="UTF-8"?>
<!-- Generated by org.testng.reporters.JUnitXMLReporter -->
<testsuite ignored="0" hostname="MRIPF3GRQ4B" failures="1" tests="1" name="CompareFileSize" time="0.006" errors="0" timestamp="2024-07-31T17:59:53 EDT">
  <testcase classname="Tests.CompareFileSize" name="CompareFileSizeTest" time="0.001">
    <failure type="java.lang.AssertionError" message="TEST FAILED: File Sizes does not match. File1.csv size in bytes: 1684 bytes. File2.csv size in bytes: 1714 bytes. expected [true] but found [false]">
      <![CDATA[java.lang.AssertionError: TEST FAILED: File Sizes does not match. File1.csv size in bytes: 1684 bytes. File2.csv size in bytes: 1714 bytes. expected [true] but found [false]
at Tests.CompareFileSize.CompareFileSizeTest(CompareFileSize.java:33)
at java.base/java.util.ArrayList.forEach(ArrayList.java:1511)
... Removed 30 stack frames]]>
    </failure>
  </testcase> <!-- CompareFileSizeTest -->
</testsuite> <!-- CompareFileSize -->
