<?xml version="1.0" encoding="UTF-8"?>
<!-- Generated by org.testng.reporters.JUnitXMLReporter -->
<testsuite ignored="0" hostname="MRIPF3GRQ4B" failures="4" tests="5" name="Test" time="0.057" errors="0" timestamp="2024-07-31T14:41:33 EDT">
  <testcase classname="Tests.CompareColumnHeaderCount" name="CompareColumnHeaderCountTest" time="0.015"/>
  <testcase classname="Tests.CompareColumnHeaderName" name="CompareColumnsHeaderNameTest" time="0.001">
    <failure type="java.lang.AssertionError" message="Found 1 ColumnHeaders names not matching expected [true] but found [false]">
      <![CDATA[java.lang.AssertionError: Found 1 ColumnHeaders names not matching expected [true] but found [false]
at Tests.CompareColumnHeaderName.CompareColumnsHeaderNameTest(CompareColumnHeaderName.java:74)
at java.base/java.util.ArrayList.forEach(ArrayList.java:1511)
... Removed 30 stack frames]]>
    </failure>
  </testcase> <!-- CompareColumnsHeaderNameTest -->
  <testcase classname="Tests.CompareFileSize" name="CompareFileSizeTest" time="0.001">
    <failure type="java.lang.AssertionError" message="TEST FAILED: File Sizes does not match. CSV1 size in bytes: 1684 bytes. CSV2 size in bytes: 1714 bytes. expected [true] but found [false]">
      <![CDATA[java.lang.AssertionError: TEST FAILED: File Sizes does not match. CSV1 size in bytes: 1684 bytes. CSV2 size in bytes: 1714 bytes. expected [true] but found [false]
at Tests.CompareFileSize.CompareFileSizeTest(CompareFileSize.java:28)
at java.base/java.util.ArrayList.forEach(ArrayList.java:1511)
... Removed 30 stack frames]]>
    </failure>
  </testcase> <!-- CompareFileSizeTest -->
  <testcase classname="Tests.CompareRowCount" name="CompareRowCountTest" time="0.003">
    <failure type="java.lang.AssertionError" message="TEST FAILED: Number of Row does not match. CSV1 total rows: 21. CSV2 total rows: 22. expected [true] but found [false]">
      <![CDATA[java.lang.AssertionError: TEST FAILED: Number of Row does not match. CSV1 total rows: 21. CSV2 total rows: 22. expected [true] but found [false]
at Tests.CompareRowCount.CompareRowCountTest(CompareRowCount.java:45)
at java.base/java.util.ArrayList.forEach(ArrayList.java:1511)
... Removed 30 stack frames]]>
    </failure>
  </testcase> <!-- CompareRowCountTest -->
  <testcase classname="Tests.CompareRowData" name="CompareColumnsHeaderName" time="0.003">
    <failure type="java.lang.AssertionError" message="Found 1 number of Rows not matching. expected [true] but found [false]">
      <![CDATA[java.lang.AssertionError: Found 1 number of Rows not matching. expected [true] but found [false]
at Tests.CompareRowData.CompareColumnsHeaderName(CompareRowData.java:120)
at java.base/java.util.ArrayList.forEach(ArrayList.java:1511)
... Removed 30 stack frames]]>
    </failure>
  </testcase> <!-- CompareColumnsHeaderName -->
</testsuite> <!-- Test -->
