<?xml version="1.0" encoding="UTF-8"?>
<!-- Generated by org.testng.reporters.JUnitXMLReporter -->
<testsuite ignored="0" hostname="MRIPF3GRQ4B" failures="1" tests="1" name="Test Compare Row Count" time="0.01" errors="0" timestamp="2024-07-31T20:37:54 EDT">
  <testcase classname="Tests.CompareRowCount" name="CompareRowCountTest" time="0.004">
    <failure type="java.lang.AssertionError" message="TEST FAILED: Number of Row does not match. File1.csv total rows count: 21. File2.csv total rows count: 22. expected [true] but found [false]">
      <![CDATA[java.lang.AssertionError: TEST FAILED: Number of Row does not match. File1.csv total rows count: 21. File2.csv total rows count: 22. expected [true] but found [false]
at Tests.CompareRowCount.CompareRowCountTest(CompareRowCount.java:46)
at java.base/java.util.ArrayList.forEach(ArrayList.java:1511)
... Removed 30 stack frames]]>
    </failure>
  </testcase> <!-- CompareRowCountTest -->
</testsuite> <!-- Test Compare Row Count -->
