<?xml version="1.0" encoding="UTF-8"?>
<!-- Generated by org.testng.reporters.JUnitXMLReporter -->
<testsuite ignored="0" hostname="MRIPF3GRQ4B" failures="1" tests="1" name="Test Compare Column Header Name" time="0.014" errors="0" timestamp="2024-07-31T20:37:54 EDT">
  <testcase classname="Tests.CompareColumnHeaderName" name="CompareColumnsHeaderNameTest" time="0.003">
    <failure type="java.lang.AssertionError" message="Found 1 ColumnHeader(s) name(s) not matching expected [true] but found [false]">
      <![CDATA[java.lang.AssertionError: Found 1 ColumnHeader(s) name(s) not matching expected [true] but found [false]
at Tests.CompareColumnHeaderName.CompareColumnsHeaderNameTest(CompareColumnHeaderName.java:75)
at java.base/java.util.ArrayList.forEach(ArrayList.java:1511)
... Removed 30 stack frames]]>
    </failure>
  </testcase> <!-- CompareColumnsHeaderNameTest -->
</testsuite> <!-- Test Compare Column Header Name -->
