<?xml version="1.0" encoding="UTF-8"?>
<!-- Generated by org.testng.reporters.JUnitXMLReporter -->
<testsuite ignored="0" hostname="MRIPF3GRQ4B" failures="1" tests="1" name="Test Compare Data per Row" time="0.007" errors="0" timestamp="2024-07-31T18:07:27 EDT">
  <testcase classname="Tests.CompareRowData" name="CompareColumnsHeaderName" time="0.005">
    <failure type="java.lang.AssertionError" message="Found 4 rows not matching between both files. expected [true] but found [false]">
      <![CDATA[java.lang.AssertionError: Found 4 rows not matching between both files. expected [true] but found [false]
at Tests.CompareRowData.CompareColumnsHeaderName(CompareRowData.java:99)
at java.base/java.util.ArrayList.forEach(ArrayList.java:1511)
... Removed 30 stack frames]]>
    </failure>
  </testcase> <!-- CompareColumnsHeaderName -->
</testsuite> <!-- Test Compare Data per Row -->
