<?xml version="1.0" encoding="UTF-8"?>
<!-- Generated by org.testng.reporters.JUnitXMLReporter -->
<testsuite ignored="0" hostname="MRIPF3GRQ4B" failures="1" tests="1" name="Test Compare File Size" time="0.007" errors="0" timestamp="2024-07-31T20:37:54 EDT">
  <testcase classname="Tests.CompareFileSize" name="CompareFileSizeTest" time="0.002">
    <failure type="java.lang.AssertionError" message="TEST FAILED: File Sizes does not match. File1.csv size in bytes: 1684 bytes. File2.csv size in bytes: 1703 bytes. expected [true] but found [false]">
      <![CDATA[java.lang.AssertionError: TEST FAILED: File Sizes does not match. File1.csv size in bytes: 1684 bytes. File2.csv size in bytes: 1703 bytes. expected [true] but found [false]
at Tests.CompareFileSize.CompareFileSizeTest(CompareFileSize.java:32)
at java.base/java.util.ArrayList.forEach(ArrayList.java:1511)
... Removed 30 stack frames]]>
    </failure>
  </testcase> <!-- CompareFileSizeTest -->
</testsuite> <!-- Test Compare File Size -->
